# JRE version: OpenJDK Runtime Environment (8.0_152-b02) (build 1.8.0_152-release-1024-b02)
# Java VM: OpenJDK 64-Bit Server VM (25.152-b02 mixed mode windows-amd64 compressed oops)
Heap:
 PSYoungGen      total 270848K, used 3498K [0x00000000e0000000, 0x00000000f4300000, 0x0000000100000000)
  eden space 240640K, 0% used [0x00000000e0000000,0x00000000e0000000,0x00000000eeb00000)
  from space 30208K, 11% used [0x00000000eeb00000,0x00000000eee6aa90,0x00000000f0880000)
  to   space 29696K, 0% used [0x00000000f2600000,0x00000000f2600000,0x00000000f4300000)
 ParOldGen       total 160256K, used 88859K [0x00000000a0000000, 0x00000000a9c80000, 0x00000000e0000000)
  object space 160256K, 55% used [0x00000000a0000000,0x00000000a56c6ee8,0x00000000a9c80000)
 Metaspace       used 91109K, capacity 98140K, committed 98280K, reserved 1134592K
  class space    used 11493K, capacity 12921K, committed 12928K, reserved 1048576K
GC Heap History (10 events):
Event: 14339.763 GC heap after
Heap after GC invocations=60 (full 3):
 PSYoungGen      total 211456K, used 5419K [0x00000000e0000000, 0x00000000f0780000, 0x0000000100000000)
  eden space 182272K, 0% used [0x00000000e0000000,0x00000000e0000000,0x00000000eb200000)
  from space 29184K, 18% used [0x00000000eb200000,0x00000000eb74ad00,0x00000000ece80000)
  to   space 28160K, 0% used [0x00000000eec00000,0x00000000eec00000,0x00000000f0780000)
 ParOldGen       total 160256K, used 88511K [0x00000000a0000000, 0x00000000a9c80000, 0x00000000e0000000)
  object space 160256K, 55% used [0x00000000a0000000,0x00000000a566fed8,0x00000000a9c80000)
 Metaspace       used 89243K, capacity 94902K, committed 95064K, reserved 1132544K
  class space    used 11177K, capacity 12378K, committed 12416K, reserved 1048576K
}
Event: 14345.659 GC heap before
{Heap before GC invocations=61 (full 3):
 PSYoungGen      total 211456K, used 187691K [0x00000000e0000000, 0x00000000f0780000, 0x0000000100000000)
  eden space 182272K, 100% used [0x00000000e0000000,0x00000000eb200000,0x00000000eb200000)
  from space 29184K, 18% used [0x00000000eb200000,0x00000000eb74ad00,0x00000000ece80000)
  to   space 28160K, 0% used [0x00000000eec00000,0x00000000eec00000,0x00000000f0780000)
 ParOldGen       total 160256K, used 88511K [0x00000000a0000000, 0x00000000a9c80000, 0x00000000e0000000)
  object space 160256K, 55% used [0x00000000a0000000,0x00000000a566fed8,0x00000000a9c80000)
 Metaspace       used 89300K, capacity 94902K, committed 95064K, reserved 1132544K
  class space    used 11177K, capacity 12378K, committed 12416K, reserved 1048576K
Event: 14345.686 GC heap after
Heap after GC invocations=61 (full 3):
 PSYoungGen      total 236544K, used 8839K [0x00000000e0000000, 0x00000000f0400000, 0x0000000100000000)
  eden space 211968K, 0% used [0x00000000e0000000,0x00000000e0000000,0x00000000ecf00000)
  from space 24576K, 35% used [0x00000000eec00000,0x00000000ef4a1ea8,0x00000000f0400000)
  to   space 27136K, 0% used [0x00000000ecf00000,0x00000000ecf00000,0x00000000ee980000)
 ParOldGen       total 160256K, used 88519K [0x00000000a0000000, 0x00000000a9c80000, 0x00000000e0000000)
  object space 160256K, 55% used [0x00000000a0000000,0x00000000a5671ed8,0x00000000a9c80000)
 Metaspace       used 89300K, capacity 94902K, committed 95064K, reserved 1132544K
  class space    used 11177K, capacity 12378K, committed 12416K, reserved 1048576K
}
Event: 14464.916 GC heap before
{Heap before GC invocations=62 (full 3):
 PSYoungGen      total 236544K, used 220807K [0x00000000e0000000, 0x00000000f0400000, 0x0000000100000000)
  eden space 211968K, 100% used [0x00000000e0000000,0x00000000ecf00000,0x00000000ecf00000)
  from space 24576K, 35% used [0x00000000eec00000,0x00000000ef4a1ea8,0x00000000f0400000)
  to   space 27136K, 0% used [0x00000000ecf00000,0x00000000ecf00000,0x00000000ee980000)
 ParOldGen       total 160256K, used 88519K [0x00000000a0000000, 0x00000000a9c80000, 0x00000000e0000000)
  object space 160256K, 55% used [0x00000000a0000000,0x00000000a5671ed8,0x00000000a9c80000)
 Metaspace       used 90350K, capacity 97148K, committed 97240K, reserved 1134592K
  class space    used 11379K, capacity 12771K, committed 12800K, reserved 1048576K
Event: 14464.933 GC heap after
Heap after GC invocations=62 (full 3):
 PSYoungGen      total 239104K, used 2739K [0x00000000e0000000, 0x00000000f2280000, 0x0000000100000000)
  eden space 211968K, 0% used [0x00000000e0000000,0x00000000e0000000,0x00000000ecf00000)
  from space 27136K, 10% used [0x00000000ecf00000,0x00000000ed1acef0,0x00000000ee980000)
  to   space 26624K, 0% used [0x00000000f0880000,0x00000000f0880000,0x00000000f2280000)
 ParOldGen       total 160256K, used 88559K [0x00000000a0000000, 0x00000000a9c80000, 0x00000000e0000000)
  object space 160256K, 55% used [0x00000000a0000000,0x00000000a567bed8,0x00000000a9c80000)
 Metaspace       used 90350K, capacity 97148K, committed 97240K, reserved 1134592K
  class space    used 11379K, capacity 12771K, committed 12800K, reserved 1048576K
}
Event: 18939.365 GC heap before
{Heap before GC invocations=63 (full 3):
 PSYoungGen      total 239104K, used 214707K [0x00000000e0000000, 0x00000000f2280000, 0x0000000100000000)
  eden space 211968K, 100% used [0x00000000e0000000,0x00000000ecf00000,0x00000000ecf00000)
  from space 27136K, 10% used [0x00000000ecf00000,0x00000000ed1acef0,0x00000000ee980000)
  to   space 26624K, 0% used [0x00000000f0880000,0x00000000f0880000,0x00000000f2280000)
 ParOldGen       total 160256K, used 88559K [0x00000000a0000000, 0x00000000a9c80000, 0x00000000e0000000)
  object space 160256K, 55% used [0x00000000a0000000,0x00000000a567bed8,0x00000000a9c80000)
 Metaspace       used 90433K, capacity 97340K, committed 97624K, reserved 1134592K
  class space    used 11391K, capacity 12811K, committed 12928K, reserved 1048576K
Event: 18939.399 GC heap after
Heap after GC invocations=63 (full 3):
 PSYoungGen      total 267264K, used 23236K [0x00000000e0000000, 0x00000000f2700000, 0x0000000100000000)
  eden space 240640K, 0% used [0x00000000e0000000,0x00000000e0000000,0x00000000eeb00000)
  from space 26624K, 87% used [0x00000000f0880000,0x00000000f1f31178,0x00000000f2280000)
  to   space 30208K, 0% used [0x00000000eeb00000,0x00000000eeb00000,0x00000000f0880000)
 ParOldGen       total 160256K, used 88663K [0x00000000a0000000, 0x00000000a9c80000, 0x00000000e0000000)
  object space 160256K, 55% used [0x00000000a0000000,0x00000000a5695ed8,0x00000000a9c80000)
 Metaspace       used 90433K, capacity 97340K, committed 97624K, reserved 1134592K
  class space    used 11391K, capacity 12811K, committed 12928K, reserved 1048576K
}
Event: 19862.987 GC heap before
{Heap before GC invocations=64 (full 3):
 PSYoungGen      total 267264K, used 173037K [0x00000000e0000000, 0x00000000f2700000, 0x0000000100000000)
  eden space 240640K, 62% used [0x00000000e0000000,0x00000000e924a390,0x00000000eeb00000)
  from space 26624K, 87% used [0x00000000f0880000,0x00000000f1f31178,0x00000000f2280000)
  to   space 30208K, 0% used [0x00000000eeb00000,0x00000000eeb00000,0x00000000f0880000)
 ParOldGen       total 160256K, used 88663K [0x00000000a0000000, 0x00000000a9c80000, 0x00000000e0000000)
  object space 160256K, 55% used [0x00000000a0000000,0x00000000a5695ed8,0x00000000a9c80000)
 Metaspace       used 91109K, capacity 98140K, committed 98280K, reserved 1134592K
  class space    used 11493K, capacity 12921K, committed 12928K, reserved 1048576K
Event: 19863.028 GC heap after
Heap after GC invocations=64 (full 3):
 PSYoungGen      total 270848K, used 3498K [0x00000000e0000000, 0x00000000f4300000, 0x0000000100000000)
  eden space 240640K, 0% used [0x00000000e0000000,0x00000000e0000000,0x00000000eeb00000)
  from space 30208K, 11% used [0x00000000eeb00000,0x00000000eee6aa90,0x00000000f0880000)
  to   space 29696K, 0% used [0x00000000f2600000,0x00000000f2600000,0x00000000f4300000)
 ParOldGen       total 160256K, used 88859K [0x00000000a0000000, 0x00000000a9c80000, 0x00000000e0000000)
  object space 160256K, 55% used [0x00000000a0000000,0x00000000a56c6ee8,0x00000000a9c80000)
 Metaspace       used 91109K, capacity 98140K, committed 98280K, reserved 1134592K
  class space    used 11493K, capacity 12921K, committed 12928K, reserved 1048576K
}
Event: 19863.029 GC heap before
{Heap before GC invocations=65 (full 4):
 PSYoungGen      total 270848K, used 3498K [0x00000000e0000000, 0x00000000f4300000, 0x0000000100000000)
  eden space 240640K, 0% used [0x00000000e0000000,0x00000000e0000000,0x00000000eeb00000)
  from space 30208K, 11% used [0x00000000eeb00000,0x00000000eee6aa90,0x00000000f0880000)
  to   space 29696K, 0% used [0x00000000f2600000,0x00000000f2600000,0x00000000f4300000)
 ParOldGen       total 160256K, used 88859K [0x00000000a0000000, 0x00000000a9c80000, 0x00000000e0000000)
  object space 160256K, 55% used [0x00000000a0000000,0x00000000a56c6ee8,0x00000000a9c80000)
 Metaspace       used 91109K, capacity 98140K, committed 98280K, reserved 1134592K
  class space    used 11493K, capacity 12921K, committed 12928K, reserved 1048576K

